<?xml version="1.0" encoding="UTF-8"?>
<testsuite name="TestCalculator" tests="1" skipped="0" failures="0" errors="0" timestamp="2022-12-15T06:19:46" hostname="LAPTOP-6TF5EJ36" time="0.045">
  <properties/>
  <testcase name="additional()" classname="TestCalculator" time="0.045"/>
  <system-out><![CDATA[]]></system-out>
  <system-err><![CDATA[]]></system-err>
</testsuite>
